<?xml version="1.0" encoding="UTF-8" ?>
<testsuite tests="6" failures="0" name="restdemo.restdemo.RunCucumberTest" time="6.168" errors="1" skipped="0">
  <properties>
[...]
</properties>
  <testcase classname="Testing the rest assured response for rates API" name="Check the positive response for given rates API" time="4.182"/>
  <testcase classname="Testing the rest assured response for rates API" name="An automated test suite should run which will assert the response" time="0.773"/>
  <testcase classname="Testing the rest assured response for rates API" name="for incorrect url assert the response supplied by the call" time="0.375"/>
  <testcase classname="Testing the rest assured response for rates API" name="check the positive response for Rates API for Specific date Foreign Exchange rates" time="0.373"/>
  <testcase classname="Testing the rest assured response for rates API" name="Assert the response for a perticular date of exchange rates API" time="0.379"/>
  <testcase classname="Testing the rest assured response for rates API" name="validate the respose when i send req with future date in rates API" time="0.086">
    <error message="The step &quot;send the request with future date&quot; is undefined. You can implement it using the snippet(s) below:

@Given(&quot;send the request with future date&quot;)
public void send_the_request_with_future_date() {
    // Write code here that turns the phrase above into concrete actions
    throw new io.cucumber.java.PendingException();
}


Some other steps were also undefined:

@When(&quot;get the response for given request&quot;)
public void get_the_response_for_given_request() {
    // Write code here that turns the phrase above into concrete actions
    throw new io.cucumber.java.PendingException();
}
@Then(&quot;check that response matches with current date&quot;)
public void check_that_response_matches_with_current_date() {
    // Write code here that turns the phrase above into concrete actions
    throw new io.cucumber.java.PendingException();
}
" type="io.cucumber.junit.UndefinedStepException">io.cucumber.junit.UndefinedStepException: The step &quot;send the request with future date&quot; is undefined. You can implement it using the snippet(s) below:

@Given(&quot;send the request with future date&quot;)
public void send_the_request_with_future_date() {
    // Write code here that turns the phrase above into concrete actions
    throw new io.cucumber.java.PendingException();
}


Some other steps were also undefined:

@When(&quot;get the response for given request&quot;)
public void get_the_response_for_given_request() {
    // Write code here that turns the phrase above into concrete actions
    throw new io.cucumber.java.PendingException();
}
@Then(&quot;check that response matches with current date&quot;)
public void check_that_response_matches_with_current_date() {
    // Write code here that turns the phrase above into concrete actions
    throw new io.cucumber.java.PendingException();
}

</error>
  </testcase>
</testsuite>